# JRE version: Java(TM) SE Runtime Environment (8.0_91-b14) (build 1.8.0_91-b14)
# Java VM: Java HotSpot(TM) 64-Bit Server VM (25.91-b14 mixed mode linux-amd64 compressed oops)
Heap:
 def new generation   total 10240K, used 0K [0x00000000f0600000, 0x00000000f1110000, 0x00000000f5950000)
  eden space 9152K,   0% used [0x00000000f0600000, 0x00000000f0600000, 0x00000000f0ef0000)
  from space 1088K,   0% used [0x00000000f0ef0000, 0x00000000f0ef0000, 0x00000000f1000000)
  to   space 1088K,   0% used [0x00000000f1000000, 0x00000000f1000000, 0x00000000f1110000)
 tenured generation   total 27772K, used 23761K [0x00000000f5950000, 0x00000000f746f000, 0x0000000100000000)
   the space 27772K,  85% used [0x00000000f5950000, 0x00000000f7084590, 0x00000000f7084600, 0x00000000f746f000)
 Metaspace       used 23927K, capacity 24536K, committed 24704K, reserved 1071104K
  class space    used 2969K, capacity 3078K, committed 3200K, reserved 1048576K
GC Heap History (10 events):
Event: 7.650 GC heap after
Heap after GC invocations=65 (full 2):
 def new generation   total 10240K, used 310K [0x00000000f0600000, 0x00000000f1110000, 0x00000000f5950000)
  eden space 9152K,   0% used [0x00000000f0600000, 0x00000000f0600000, 0x00000000f0ef0000)
  from space 1088K,  28% used [0x00000000f1000000, 0x00000000f104da50, 0x00000000f1110000)
  to   space 1088K,   0% used [0x00000000f0ef0000, 0x00000000f0ef0000, 0x00000000f1000000)
 tenured generation   total 22612K, used 17099K [0x00000000f5950000, 0x00000000f6f65000, 0x0000000100000000)
   the space 22612K,  75% used [0x00000000f5950000, 0x00000000f6a02e40, 0x00000000f6a03000, 0x00000000f6f65000)
 Metaspace       used 22938K, capacity 23458K, committed 23680K, reserved 1071104K
  class space    used 2860K, capacity 2940K, committed 2944K, reserved 1048576K
}
Event: 8.288 GC heap before
{Heap before GC invocations=65 (full 2):
 def new generation   total 10240K, used 9429K [0x00000000f0600000, 0x00000000f1110000, 0x00000000f5950000)
  eden space 9152K,  99% used [0x00000000f0600000, 0x00000000f0ee79c8, 0x00000000f0ef0000)
  from space 1088K,  28% used [0x00000000f1000000, 0x00000000f104da50, 0x00000000f1110000)
  to   space 1088K,   0% used [0x00000000f0ef0000, 0x00000000f0ef0000, 0x00000000f1000000)
 tenured generation   total 22612K, used 17099K [0x00000000f5950000, 0x00000000f6f65000, 0x0000000100000000)
   the space 22612K,  75% used [0x00000000f5950000, 0x00000000f6a02e40, 0x00000000f6a03000, 0x00000000f6f65000)
 Metaspace       used 23292K, capacity 23890K, committed 24064K, reserved 1071104K
  class space    used 2905K, capacity 3013K, committed 3072K, reserved 1048576K
Event: 8.300 GC heap after
Heap after GC invocations=66 (full 2):
 def new generation   total 10240K, used 888K [0x00000000f0600000, 0x00000000f1110000, 0x00000000f5950000)
  eden space 9152K,   0% used [0x00000000f0600000, 0x00000000f0600000, 0x00000000f0ef0000)
  from space 1088K,  81% used [0x00000000f0ef0000, 0x00000000f0fce340, 0x00000000f1000000)
  to   space 1088K,   0% used [0x00000000f1000000, 0x00000000f1000000, 0x00000000f1110000)
 tenured generation   total 22612K, used 17099K [0x00000000f5950000, 0x00000000f6f65000, 0x0000000100000000)
   the space 22612K,  75% used [0x00000000f5950000, 0x00000000f6a02e40, 0x00000000f6a03000, 0x00000000f6f65000)
 Metaspace       used 23292K, capacity 23890K, committed 24064K, reserved 1071104K
  class space    used 2905K, capacity 3013K, committed 3072K, reserved 1048576K
}
Event: 8.453 GC heap before
{Heap before GC invocations=66 (full 2):
 def new generation   total 10240K, used 10040K [0x00000000f0600000, 0x00000000f1110000, 0x00000000f5950000)
  eden space 9152K, 100% used [0x00000000f0600000, 0x00000000f0ef0000, 0x00000000f0ef0000)
  from space 1088K,  81% used [0x00000000f0ef0000, 0x00000000f0fce340, 0x00000000f1000000)
  to   space 1088K,   0% used [0x00000000f1000000, 0x00000000f1000000, 0x00000000f1110000)
 tenured generation   total 22612K, used 17099K [0x00000000f5950000, 0x00000000f6f65000, 0x0000000100000000)
   the space 22612K,  75% used [0x00000000f5950000, 0x00000000f6a02e40, 0x00000000f6a03000, 0x00000000f6f65000)
 Metaspace       used 23327K, capacity 23896K, committed 24064K, reserved 1071104K
  class space    used 2906K, capacity 3014K, committed 3072K, reserved 1048576K
Event: 8.455 GC heap after
Heap after GC invocations=67 (full 2):
 def new generation   total 10240K, used 355K [0x00000000f0600000, 0x00000000f1110000, 0x00000000f5950000)
  eden space 9152K,   0% used [0x00000000f0600000, 0x00000000f0600000, 0x00000000f0ef0000)
  from space 1088K,  32% used [0x00000000f1000000, 0x00000000f1058d60, 0x00000000f1110000)
  to   space 1088K,   0% used [0x00000000f0ef0000, 0x00000000f0ef0000, 0x00000000f1000000)
 tenured generation   total 22612K, used 17448K [0x00000000f5950000, 0x00000000f6f65000, 0x0000000100000000)
   the space 22612K,  77% used [0x00000000f5950000, 0x00000000f6a5a3f8, 0x00000000f6a5a400, 0x00000000f6f65000)
 Metaspace       used 23327K, capacity 23896K, committed 24064K, reserved 1071104K
  class space    used 2906K, capacity 3014K, committed 3072K, reserved 1048576K
}
Event: 10.227 GC heap before
{Heap before GC invocations=67 (full 2):
 def new generation   total 10240K, used 9302K [0x00000000f0600000, 0x00000000f1110000, 0x00000000f5950000)
  eden space 9152K,  97% used [0x00000000f0600000, 0x00000000f0ebcc78, 0x00000000f0ef0000)
  from space 1088K,  32% used [0x00000000f1000000, 0x00000000f1058d60, 0x00000000f1110000)
  to   space 1088K,   0% used [0x00000000f0ef0000, 0x00000000f0ef0000, 0x00000000f1000000)
 tenured generation   total 22612K, used 17448K [0x00000000f5950000, 0x00000000f6f65000, 0x0000000100000000)
   the space 22612K,  77% used [0x00000000f5950000, 0x00000000f6a5a3f8, 0x00000000f6a5a400, 0x00000000f6f65000)
 Metaspace       used 23349K, capacity 23960K, committed 24064K, reserved 1071104K
  class space    used 2906K, capacity 3014K, committed 3072K, reserved 1048576K
Event: 10.239 GC heap after
Heap after GC invocations=68 (full 2):
 def new generation   total 10240K, used 841K [0x00000000f0600000, 0x00000000f1110000, 0x00000000f5950000)
  eden space 9152K,   0% used [0x00000000f0600000, 0x00000000f0600000, 0x00000000f0ef0000)
  from space 1088K,  77% used [0x00000000f0ef0000, 0x00000000f0fc2560, 0x00000000f1000000)
  to   space 1088K,   0% used [0x00000000f1000000, 0x00000000f1000000, 0x00000000f1110000)
 tenured generation   total 22612K, used 19354K [0x00000000f5950000, 0x00000000f6f65000, 0x0000000100000000)
   the space 22612K,  85% used [0x00000000f5950000, 0x00000000f6c36878, 0x00000000f6c36a00, 0x00000000f6f65000)
 Metaspace       used 23349K, capacity 23960K, committed 24064K, reserved 1071104K
  class space    used 2906K, capacity 3014K, committed 3072K, reserved 1048576K
}
Event: 10.281 GC heap before
{Heap before GC invocations=68 (full 2):
 def new generation   total 10240K, used 9993K [0x00000000f0600000, 0x00000000f1110000, 0x00000000f5950000)
  eden space 9152K, 100% used [0x00000000f0600000, 0x00000000f0ef0000, 0x00000000f0ef0000)
  from space 1088K,  77% used [0x00000000f0ef0000, 0x00000000f0fc2560, 0x00000000f1000000)
  to   space 1088K,   0% used [0x00000000f1000000, 0x00000000f1000000, 0x00000000f1110000)
 tenured generation   total 22612K, used 19354K [0x00000000f5950000, 0x00000000f6f65000, 0x0000000100000000)
   the space 22612K,  85% used [0x00000000f5950000, 0x00000000f6c36878, 0x00000000f6c36a00, 0x00000000f6f65000)
 Metaspace       used 23446K, capacity 24024K, committed 24320K, reserved 1071104K
  class space    used 2922K, capacity 3014K, committed 3072K, reserved 1048576K
Event: 10.283 GC heap after
Heap after GC invocations=69 (full 2):
 def new generation   total 10240K, used 859K [0x00000000f0600000, 0x00000000f1110000, 0x00000000f5950000)
  eden space 9152K,   0% used [0x00000000f0600000, 0x00000000f0600000, 0x00000000f0ef0000)
  from space 1088K,  78% used [0x00000000f1000000, 0x00000000f10d6dc8, 0x00000000f1110000)
  to   space 1088K,   0% used [0x00000000f0ef0000, 0x00000000f0ef0000, 0x00000000f1000000)
 tenured generation   total 22612K, used 21942K [0x00000000f5950000, 0x00000000f6f65000, 0x0000000100000000)
   the space 22612K,  97% used [0x00000000f5950000, 0x00000000f6ebdb08, 0x00000000f6ebdc00, 0x00000000f6f65000)
 Metaspace       used 23446K, capacity 24024K, committed 24320K, reserved 1071104K
  class space    used 2922K, capacity 3014K, committed 3072K, reserved 1048576K
}
Event: 10.365 GC heap before
{Heap before GC invocations=69 (full 2):
 def new generation   total 10240K, used 9997K [0x00000000f0600000, 0x00000000f1110000, 0x00000000f5950000)
  eden space 9152K,  99% used [0x00000000f0600000, 0x00000000f0eec7c8, 0x00000000f0ef0000)
  from space 1088K,  78% used [0x00000000f1000000, 0x00000000f10d6dc8, 0x00000000f1110000)
  to   space 1088K,   0% used [0x00000000f0ef0000, 0x00000000f0ef0000, 0x00000000f1000000)
 tenured generation   total 22612K, used 21942K [0x00000000f5950000, 0x00000000f6f65000, 0x0000000100000000)
   the space 22612K,  97% used [0x00000000f5950000, 0x00000000f6ebdb08, 0x00000000f6ebdc00, 0x00000000f6f65000)
 Metaspace       used 23927K, capacity 24536K, committed 24704K, reserved 1071104K
  class space    used 2969K, capacity 3078K, committed 3200K, reserved 1048576K

